Using pre-set license
Built from '2020.3/staging' branch; Version is '2020.3.10f1 (297d780c91bc) revision 2719096'; Using compiler version '192528614'; Build Type 'Release'
OS: 'Windows 10 Pro; OS build 19042.1466; Version 2009; 64bit' Language: 'en' Physical Memory: 16332 MB
BatchMode: 1, IsHumanControllingUs: 0, StartBugReporterOnCrash: 0, Is64bit: 1, IsPro: 0

 COMMAND LINE ARGUMENTS:
C:\Program Files\Unity\Editor\Unity.exe
-adb2
-batchMode
-noUpm
-name
AssetImportWorker0
-projectPath
E:/Learning AR/ARBusinessCard
-logFile
Logs/AssetImportWorker0.log
-srvPort
53960
Successfully changed project path to: E:/Learning AR/ARBusinessCard
E:/Learning AR/ARBusinessCard
Using Asset Import Pipeline V2.
Refreshing native plugins compatible for Editor in 1110.76 ms, found 5 plugins.
Preloading 2 native plugins for Editor in 1.23 ms.
Initialize engine version: 2020.3.10f1 (297d780c91bc)
[Subsystems] Discovering subsystems at path C:/Program Files/Unity/Editor/Data/Resources/UnitySubsystems
[Subsystems] Discovering subsystems at path E:/Learning AR/ARBusinessCard/Assets
GfxDevice: creating device client; threaded=0
Direct3D:
    Version:  Direct3D 11.0 [level 11.1]
    Renderer: NVIDIA GeForce RTX 3060 (ID=0x2503)
    Vendor:   
    VRAM:     12143 MB
    Driver:   30.0.14.7288
Initialize mono
Mono path[0] = 'C:/Program Files/Unity/Editor/Data/Managed'
Mono path[1] = 'C:/Program Files/Unity/Editor/Data/MonoBleedingEdge/lib/mono/unityjit'
Mono config path = 'C:/Program Files/Unity/Editor/Data/MonoBleedingEdge/etc'
Using monoOptions --debugger-agent=transport=dt_socket,embedding=1,server=y,suspend=n,address=127.0.0.1:56148
Begin MonoManager ReloadAssembly
Registering precompiled unity dll's ...
Register platform support module: C:/Program Files/Unity/Editor/Data/PlaybackEngines/WindowsStandaloneSupport/UnityEditor.WindowsStandalone.Extensions.dll
Registered in 0.106311 seconds.
Native extension for WindowsStandalone target not found
Refreshing native plugins compatible for Editor in 28.78 ms, found 5 plugins.
Preloading 2 native plugins for Editor in 0.05 ms.
Mono: successfully reloaded assembly
- Completed reload, in  4.165 seconds
Platform modules already initialized, skipping
Registering precompiled user dll's ...
Registered in 1.320203 seconds.
Begin MonoManager ReloadAssembly
Native extension for WindowsStandalone target not found
Refreshing native plugins compatible for Editor in 0.48 ms, found 5 plugins.
Preloading 2 native plugins for Editor in 0.05 ms.
System.NullReferenceException: Object reference not set to an instance of an object
  at Vuforia.EditorClasses.ExtensionTypeProvider.GetVuforiaPackageAbsPath () [0x0004a] in <67f168408fbf4fce9c04342c093e9fe7>:0 
  at Vuforia.EditorClasses.ExtensionTypeProvider.IsPackageManager () [0x00000] in <67f168408fbf4fce9c04342c093e9fe7>:0 
  at Vuforia.EditorClasses.ExtensionTypeProvider.ResolvePluginType () [0x00009] in <67f168408fbf4fce9c04342c093e9fe7>:0 
  at Vuforia.EditorClasses.ExtensionTypeProvider.GetPluginType () [0x0000c] in <67f168408fbf4fce9c04342c093e9fe7>:0 
  at Vuforia.EditorClasses.VuforiaUtilities.IsVuforiaEnabledInPlayerSettings () [0x00000] in <67f168408fbf4fce9c04342c093e9fe7>:0 
  at VuforiaEnabledObserver..cctor () [0x00000] in <67f168408fbf4fce9c04342c093e9fe7>:0 
UnityEngine.StackTraceUtility:ExtractStackTrace ()
UnityEngine.DebugLogHandler:LogFormat (UnityEngine.LogType,UnityEngine.Object,string,object[])
UnityEngine.Logger:Log (UnityEngine.LogType,object)
UnityEngine.Debug:LogError (object)
UnityEditor.EditorAssemblies:ProcessInitializeOnLoadAttributes (System.Type[])

System.NullReferenceException: Object reference not set to an instance of an object
  at Vuforia.EditorClasses.ExtensionTypeProvider.GetVuforiaPackageAbsPath () [0x0004a] in <67f168408fbf4fce9c04342c093e9fe7>:0 
  at Vuforia.EditorClasses.ExtensionTypeProvider.IsPackageManager () [0x00000] in <67f168408fbf4fce9c04342c093e9fe7>:0 
  at Vuforia.EditorClasses.ExtensionTypeProvider.ResolvePluginType () [0x00009] in <67f168408fbf4fce9c04342c093e9fe7>:0 
  at Vuforia.EditorClasses.ExtensionTypeProvider.GetPluginType () [0x0000c] in <67f168408fbf4fce9c04342c093e9fe7>:0 
  at Vuforia.EditorClasses.VuforiaUtilities.IsVuforiaEnabledInPlayerSettings () [0x00000] in <67f168408fbf4fce9c04342c093e9fe7>:0 
  at Vuforia.EditorClasses.InitializeOnLoadVuforiaTaskRunner..cctor () [0x00015] in <67f168408fbf4fce9c04342c093e9fe7>:0 
UnityEngine.StackTraceUtility:ExtractStackTrace ()
UnityEngine.DebugLogHandler:LogFormat (UnityEngine.LogType,UnityEngine.Object,string,object[])
UnityEngine.Logger:Log (UnityEngine.LogType,object)
UnityEngine.Debug:LogError (object)
UnityEditor.EditorAssemblies:ProcessInitializeOnLoadAttributes (System.Type[])

Mono: successfully reloaded assembly
- Completed reload, in  3.359 seconds
Platform modules already initialized, skipping
========================================================================
Worker process is ready to serve import requests
Launched and connected shader compiler UnityShaderCompiler.exe after 0.16 seconds
Refreshing native plugins compatible for Editor in 0.47 ms, found 5 plugins.
Preloading 2 native plugins for Editor in 0.05 ms.
Unloading 1437 Unused Serialized files (Serialized files now loaded: 0)
System memory in use before: 69.0 MB.
System memory in use after: 69.0 MB.

Unloading 47 unused Assets to reduce memory usage. Loaded Objects now: 2135.
Total: 1.824300 ms (FindLiveObjects: 0.184700 ms CreateObjectMapping: 0.039300 ms MarkObjects: 1.514000 ms  DeleteObjects: 0.084700 ms)

========================================================================
Received Import Request.
  path: Packages/com.ptc.vuforia.engine/package.json
  artifactKey: Guid(c0e3d889c2a8e4409a9be4e7899d2b51) Importer(815301076,1909f56bfc062723c751e8b465ee728b)
Start importing Packages/com.ptc.vuforia.engine/package.json using Guid(c0e3d889c2a8e4409a9be4e7899d2b51) Importer(815301076,1909f56bfc062723c751e8b465ee728b)  -> (artifact id: '5864ec86048eaa92ea9d0627a5b3c7d6') in 0.060726 seconds
  Import took 0.062749 seconds .

========================================================================
Received Import Request.
  Time since last request: 0.000141 seconds.
  path: Packages/com.ptc.vuforia.engine
  artifactKey: Guid(477626d0f4cac8fb8c9818eae9f7651c) Importer(815301076,1909f56bfc062723c751e8b465ee728b)
Start importing Packages/com.ptc.vuforia.engine using Guid(477626d0f4cac8fb8c9818eae9f7651c) Importer(815301076,1909f56bfc062723c751e8b465ee728b)  -> (artifact id: '5d02075c81e19815b3bf085a60cadb52') in 0.007601 seconds
  Import took 0.009881 seconds .

========================================================================
Received Import Request.
  Time since last request: 0.000171 seconds.
  path: Packages/com.ptc.vuforia.engine/readme-add-package-via-git-url-reference-image.png
  artifactKey: Guid(750cc6e77aa924340bf2262e41b7b3b2) Importer(815301076,1909f56bfc062723c751e8b465ee728b)
Start importing Packages/com.ptc.vuforia.engine/readme-add-package-via-git-url-reference-image.png using Guid(750cc6e77aa924340bf2262e41b7b3b2) Importer(815301076,1909f56bfc062723c751e8b465ee728b)  -> (artifact id: '82d12e6aad0e4d309e59021a1d3856eb') in 0.049017 seconds
  Import took 0.051273 seconds .

========================================================================
Received Import Request.
  Time since last request: 50.818883 seconds.
  path: Assets/Resources/VuforiaConfiguration.asset
  artifactKey: Guid(0e02da4bd2db8404384f0681c1744fd7) Importer(815301076,1909f56bfc062723c751e8b465ee728b)
Start importing Assets/Resources/VuforiaConfiguration.asset using Guid(0e02da4bd2db8404384f0681c1744fd7) Importer(815301076,1909f56bfc062723c751e8b465ee728b)  -> (artifact id: 'fc1d1f5d551ff0d86e911836be972c51') in 0.012305 seconds
  Import took 0.014674 seconds .

========================================================================
Received Import Request.
  Time since last request: 0.173594 seconds.
  path: Assets/Resources/VuforiaConfiguration.asset
  artifactKey: Guid(0e02da4bd2db8404384f0681c1744fd7) Importer(815301076,1909f56bfc062723c751e8b465ee728b)
Start importing Assets/Resources/VuforiaConfiguration.asset using Guid(0e02da4bd2db8404384f0681c1744fd7) Importer(815301076,1909f56bfc062723c751e8b465ee728b)  -> (artifact id: 'fc1d1f5d551ff0d86e911836be972c51') in 0.003129 seconds
  Import took 0.005315 seconds .

========================================================================
Received Import Request.
  Time since last request: 164.086219 seconds.
  path: Assets/Resources/VuforiaConfiguration.asset
  artifactKey: Guid(0e02da4bd2db8404384f0681c1744fd7) Importer(815301076,1909f56bfc062723c751e8b465ee728b)
Start importing Assets/Resources/VuforiaConfiguration.asset using Guid(0e02da4bd2db8404384f0681c1744fd7) Importer(815301076,1909f56bfc062723c751e8b465ee728b)  -> (artifact id: '8d0045f62e09eb1fc18c73c94d531b89') in 0.001928 seconds
  Import took 0.004516 seconds .

========================================================================
Received Prepare
Registering precompiled user dll's ...
Registered in 0.351132 seconds.
Begin MonoManager ReloadAssembly
Native extension for WindowsStandalone target not found
Refreshing native plugins compatible for Editor in 0.62 ms, found 5 plugins.
Preloading 2 native plugins for Editor in 0.08 ms.
System.NullReferenceException: Object reference not set to an instance of an object
  at Vuforia.EditorClasses.ExtensionTypeProvider.GetVuforiaPackageAbsPath () [0x0004a] in <67f168408fbf4fce9c04342c093e9fe7>:0 
  at Vuforia.EditorClasses.ExtensionTypeProvider.IsPackageManager () [0x00000] in <67f168408fbf4fce9c04342c093e9fe7>:0 
  at Vuforia.EditorClasses.ExtensionTypeProvider.ResolvePluginType () [0x00009] in <67f168408fbf4fce9c04342c093e9fe7>:0 
  at Vuforia.EditorClasses.ExtensionTypeProvider.GetPluginType () [0x0000c] in <67f168408fbf4fce9c04342c093e9fe7>:0 
  at Vuforia.EditorClasses.VuforiaUtilities.IsVuforiaEnabledInPlayerSettings () [0x00000] in <67f168408fbf4fce9c04342c093e9fe7>:0 
  at VuforiaEnabledObserver..cctor () [0x00000] in <67f168408fbf4fce9c04342c093e9fe7>:0 
UnityEngine.StackTraceUtility:ExtractStackTrace ()
UnityEngine.DebugLogHandler:LogFormat (UnityEngine.LogType,UnityEngine.Object,string,object[])
UnityEngine.Logger:Log (UnityEngine.LogType,object)
UnityEngine.Debug:LogError (object)
UnityEditor.EditorAssemblies:ProcessInitializeOnLoadAttributes (System.Type[])

System.NullReferenceException: Object reference not set to an instance of an object
  at Vuforia.EditorClasses.ExtensionTypeProvider.GetVuforiaPackageAbsPath () [0x0004a] in <67f168408fbf4fce9c04342c093e9fe7>:0 
  at Vuforia.EditorClasses.ExtensionTypeProvider.IsPackageManager () [0x00000] in <67f168408fbf4fce9c04342c093e9fe7>:0 
  at Vuforia.EditorClasses.ExtensionTypeProvider.ResolvePluginType () [0x00009] in <67f168408fbf4fce9c04342c093e9fe7>:0 
  at Vuforia.EditorClasses.ExtensionTypeProvider.GetPluginType () [0x0000c] in <67f168408fbf4fce9c04342c093e9fe7>:0 
  at Vuforia.EditorClasses.VuforiaUtilities.IsVuforiaEnabledInPlayerSettings () [0x00000] in <67f168408fbf4fce9c04342c093e9fe7>:0 
  at Vuforia.EditorClasses.InitializeOnLoadVuforiaTaskRunner..cctor () [0x00015] in <67f168408fbf4fce9c04342c093e9fe7>:0 
UnityEngine.StackTraceUtility:ExtractStackTrace ()
UnityEngine.DebugLogHandler:LogFormat (UnityEngine.LogType,UnityEngine.Object,string,object[])
UnityEngine.Logger:Log (UnityEngine.LogType,object)
UnityEngine.Debug:LogError (object)
UnityEditor.EditorAssemblies:ProcessInitializeOnLoadAttributes (System.Type[])

Mono: successfully reloaded assembly
- Completed reload, in  1.435 seconds
Platform modules already initialized, skipping
Refreshing native plugins compatible for Editor in 0.69 ms, found 5 plugins.
Preloading 2 native plugins for Editor in 0.06 ms.
Unloading 1421 Unused Serialized files (Serialized files now loaded: 0)
System memory in use before: 67.9 MB.
System memory in use after: 67.9 MB.

Unloading 43 unused Assets to reduce memory usage. Loaded Objects now: 2140.
Total: 2.400200 ms (FindLiveObjects: 0.224700 ms CreateObjectMapping: 0.034100 ms MarkObjects: 2.049600 ms  DeleteObjects: 0.089600 ms)

========================================================================
Received Import Request.
  Time since last request: 367.629807 seconds.
  path: Assets/Resources/VuforiaConfiguration.asset
  artifactKey: Guid(0e02da4bd2db8404384f0681c1744fd7) Importer(815301076,1909f56bfc062723c751e8b465ee728b)
Start importing Assets/Resources/VuforiaConfiguration.asset using Guid(0e02da4bd2db8404384f0681c1744fd7) Importer(815301076,1909f56bfc062723c751e8b465ee728b)  -> (artifact id: 'e1ec7e7816bbd5648c2e4044fa65d0dd') in 0.107866 seconds
  Import took 0.110801 seconds .

AssetImportWorkerClient::OnTransportError - code=2 error=End of file
