Using pre-set license
Built from '2020.3/staging' branch; Version is '2020.3.10f1 (297d780c91bc) revision 2719096'; Using compiler version '192528614'; Build Type 'Release'
OS: 'Windows 10 Pro; OS build 19042.1466; Version 2009; 64bit' Language: 'en' Physical Memory: 16332 MB
BatchMode: 1, IsHumanControllingUs: 0, StartBugReporterOnCrash: 0, Is64bit: 1, IsPro: 0

 COMMAND LINE ARGUMENTS:
C:\Program Files\Unity\Editor\Unity.exe
-adb2
-batchMode
-noUpm
-name
AssetImportWorker0
-projectPath
E:/Learning AR/GroundPlane
-logFile
Logs/AssetImportWorker0.log
-srvPort
51361
Successfully changed project path to: E:/Learning AR/GroundPlane
E:/Learning AR/GroundPlane
Using Asset Import Pipeline V2.
Refreshing native plugins compatible for Editor in 31.14 ms, found 5 plugins.
Preloading 2 native plugins for Editor in 1.25 ms.
Initialize engine version: 2020.3.10f1 (297d780c91bc)
[Subsystems] Discovering subsystems at path C:/Program Files/Unity/Editor/Data/Resources/UnitySubsystems
[Subsystems] Discovering subsystems at path E:/Learning AR/GroundPlane/Assets
GfxDevice: creating device client; threaded=0
Direct3D:
    Version:  Direct3D 11.0 [level 11.1]
    Renderer: NVIDIA GeForce RTX 3060 (ID=0x2503)
    Vendor:   
    VRAM:     12143 MB
    Driver:   30.0.14.7288
Initialize mono
Mono path[0] = 'C:/Program Files/Unity/Editor/Data/Managed'
Mono path[1] = 'C:/Program Files/Unity/Editor/Data/MonoBleedingEdge/lib/mono/unityjit'
Mono config path = 'C:/Program Files/Unity/Editor/Data/MonoBleedingEdge/etc'
Using monoOptions --debugger-agent=transport=dt_socket,embedding=1,server=y,suspend=n,address=127.0.0.1:56576
Begin MonoManager ReloadAssembly
Registering precompiled unity dll's ...
Register platform support module: C:/Program Files/Unity/Editor/Data/PlaybackEngines/WindowsStandaloneSupport/UnityEditor.WindowsStandalone.Extensions.dll
Registered in 0.001606 seconds.
Native extension for WindowsStandalone target not found
Refreshing native plugins compatible for Editor in 26.89 ms, found 5 plugins.
Preloading 2 native plugins for Editor in 0.05 ms.
Mono: successfully reloaded assembly
- Completed reload, in  0.859 seconds
Platform modules already initialized, skipping
Registering precompiled user dll's ...
Registered in 0.004881 seconds.
Begin MonoManager ReloadAssembly
Native extension for WindowsStandalone target not found
Refreshing native plugins compatible for Editor in 0.48 ms, found 5 plugins.
Preloading 2 native plugins for Editor in 0.05 ms.
System.NullReferenceException: Object reference not set to an instance of an object
  at Vuforia.EditorClasses.ExtensionTypeProvider.GetVuforiaPackageAbsPath () [0x0004a] in <67f168408fbf4fce9c04342c093e9fe7>:0 
  at Vuforia.EditorClasses.ExtensionTypeProvider.IsPackageManager () [0x00000] in <67f168408fbf4fce9c04342c093e9fe7>:0 
  at Vuforia.EditorClasses.ExtensionTypeProvider.ResolvePluginType () [0x00009] in <67f168408fbf4fce9c04342c093e9fe7>:0 
  at Vuforia.EditorClasses.ExtensionTypeProvider.GetPluginType () [0x0000c] in <67f168408fbf4fce9c04342c093e9fe7>:0 
  at Vuforia.EditorClasses.VuforiaUtilities.IsVuforiaEnabledInPlayerSettings () [0x00000] in <67f168408fbf4fce9c04342c093e9fe7>:0 
  at VuforiaEnabledObserver..cctor () [0x00000] in <67f168408fbf4fce9c04342c093e9fe7>:0 
UnityEngine.StackTraceUtility:ExtractStackTrace ()
UnityEngine.DebugLogHandler:LogFormat (UnityEngine.LogType,UnityEngine.Object,string,object[])
UnityEngine.Logger:Log (UnityEngine.LogType,object)
UnityEngine.Debug:LogError (object)
UnityEditor.EditorAssemblies:ProcessInitializeOnLoadAttributes (System.Type[])

System.NullReferenceException: Object reference not set to an instance of an object
  at Vuforia.EditorClasses.ExtensionTypeProvider.GetVuforiaPackageAbsPath () [0x0004a] in <67f168408fbf4fce9c04342c093e9fe7>:0 
  at Vuforia.EditorClasses.ExtensionTypeProvider.IsPackageManager () [0x00000] in <67f168408fbf4fce9c04342c093e9fe7>:0 
  at Vuforia.EditorClasses.ExtensionTypeProvider.ResolvePluginType () [0x00009] in <67f168408fbf4fce9c04342c093e9fe7>:0 
  at Vuforia.EditorClasses.ExtensionTypeProvider.GetPluginType () [0x0000c] in <67f168408fbf4fce9c04342c093e9fe7>:0 
  at Vuforia.EditorClasses.VuforiaUtilities.IsVuforiaEnabledInPlayerSettings () [0x00000] in <67f168408fbf4fce9c04342c093e9fe7>:0 
  at Vuforia.EditorClasses.InitializeOnLoadVuforiaTaskRunner..cctor () [0x00015] in <67f168408fbf4fce9c04342c093e9fe7>:0 
UnityEngine.StackTraceUtility:ExtractStackTrace ()
UnityEngine.DebugLogHandler:LogFormat (UnityEngine.LogType,UnityEngine.Object,string,object[])
UnityEngine.Logger:Log (UnityEngine.LogType,object)
UnityEngine.Debug:LogError (object)
UnityEditor.EditorAssemblies:ProcessInitializeOnLoadAttributes (System.Type[])

Mono: successfully reloaded assembly
- Completed reload, in  0.894 seconds
Platform modules already initialized, skipping
========================================================================
Worker process is ready to serve import requests
Launched and connected shader compiler UnityShaderCompiler.exe after 0.03 seconds
Refreshing native plugins compatible for Editor in 0.47 ms, found 5 plugins.
Preloading 2 native plugins for Editor in 0.05 ms.
Unloading 1437 Unused Serialized files (Serialized files now loaded: 0)
System memory in use before: 69.0 MB.
System memory in use after: 69.0 MB.

Unloading 47 unused Assets to reduce memory usage. Loaded Objects now: 2135.
Total: 1.808000 ms (FindLiveObjects: 0.167500 ms CreateObjectMapping: 0.035000 ms MarkObjects: 1.517800 ms  DeleteObjects: 0.086700 ms)

========================================================================
Received Import Request.
  path: Assets/Resources/VuforiaConfiguration.asset
  artifactKey: Guid(366cc087a8c174b48a400e1bc508b8fa) Importer(815301076,1909f56bfc062723c751e8b465ee728b)
Start importing Assets/Resources/VuforiaConfiguration.asset using Guid(366cc087a8c174b48a400e1bc508b8fa) Importer(815301076,1909f56bfc062723c751e8b465ee728b)  -> (artifact id: '015467633e7834256984f85061b4059e') in 0.127752 seconds
  Import took 0.130190 seconds .

========================================================================
Received Import Request.
  Time since last request: 4.899677 seconds.
  path: Assets/Resources/VuforiaConfiguration.asset
  artifactKey: Guid(366cc087a8c174b48a400e1bc508b8fa) Importer(815301076,1909f56bfc062723c751e8b465ee728b)
Start importing Assets/Resources/VuforiaConfiguration.asset using Guid(366cc087a8c174b48a400e1bc508b8fa) Importer(815301076,1909f56bfc062723c751e8b465ee728b)  -> (artifact id: '68488fdb5e98483815f67b903673c403') in 0.003111 seconds
  Import took 0.005255 seconds .

========================================================================
Received Import Request.
  Time since last request: 578.091366 seconds.
  path: Assets
  artifactKey: Guid(00000000000000001000000000000000) Importer(815301076,1909f56bfc062723c751e8b465ee728b)
Start importing Assets using Guid(00000000000000001000000000000000) Importer(815301076,1909f56bfc062723c751e8b465ee728b)  -> (artifact id: '42d402b061de3733987d63b9cc3b64de') in 4.402593 seconds
  Import took 4.405380 seconds .

========================================================================
Received Import Request.
  Time since last request: 0.065767 seconds.
  path: Assets/DataFiles
  artifactKey: Guid(e759115f1a9c274418d327911b1d2491) Importer(815301076,1909f56bfc062723c751e8b465ee728b)
Start importing Assets/DataFiles using Guid(e759115f1a9c274418d327911b1d2491) Importer(815301076,1909f56bfc062723c751e8b465ee728b)  -> (artifact id: '73d5389d1cc83ac8105ecf9d76f6a64c') in 0.006424 seconds
  Import took 0.008817 seconds .

========================================================================
Received Import Request.
  Time since last request: 10.062484 seconds.
  path: Assets/DataFiles/Textures
  artifactKey: Guid(b7a2dba41af15a143b7f70a1c1319f05) Importer(815301076,1909f56bfc062723c751e8b465ee728b)
Start importing Assets/DataFiles/Textures using Guid(b7a2dba41af15a143b7f70a1c1319f05) Importer(815301076,1909f56bfc062723c751e8b465ee728b)  -> (artifact id: '4bbeb79c29d4ea82ce5644978a149db8') in 0.006945 seconds
  Import took 0.009233 seconds .

========================================================================
Received Import Request.
  Time since last request: 9.981734 seconds.
  path: Assets/DataFiles/Textures/WoodenBoxTexture.png
  artifactKey: Guid(1ba408898dc7a8044a3986c98dd2b4fa) Importer(815301076,1909f56bfc062723c751e8b465ee728b)
Start importing Assets/DataFiles/Textures/WoodenBoxTexture.png using Guid(1ba408898dc7a8044a3986c98dd2b4fa) Importer(815301076,1909f56bfc062723c751e8b465ee728b)  -> (artifact id: '3104a819065eb2da1fe94203fae37ea7') in 0.042006 seconds
  Import took 0.044242 seconds .

========================================================================
Received Import Request.
  Time since last request: 22.924141 seconds.
  path: Assets/DataFiles/Materials/WoodenBoxTexture.mat
  artifactKey: Guid(3a0d275a93f74344483778bdcd5e13fb) Importer(815301076,1909f56bfc062723c751e8b465ee728b)
Start importing Assets/DataFiles/Materials/WoodenBoxTexture.mat using Guid(3a0d275a93f74344483778bdcd5e13fb) Importer(815301076,1909f56bfc062723c751e8b465ee728b)  -> (artifact id: '3bd7fd61907c3c4bffd9a3606fc4b1c2') in 0.051919 seconds
  Import took 0.054242 seconds .

========================================================================
Received Import Request.
  Time since last request: 23.460487 seconds.
  path: Assets/DataFiles/Materials/WoodenBoxTexture.mat
  artifactKey: Guid(3a0d275a93f74344483778bdcd5e13fb) Importer(815301076,1909f56bfc062723c751e8b465ee728b)
Start importing Assets/DataFiles/Materials/WoodenBoxTexture.mat using Guid(3a0d275a93f74344483778bdcd5e13fb) Importer(815301076,1909f56bfc062723c751e8b465ee728b)  -> (artifact id: '02c9ac8f359c08e6009fee907e92ec4f') in 0.010572 seconds
  Import took 0.013187 seconds .

========================================================================
Received Prepare
Registering precompiled user dll's ...
Registered in 0.005018 seconds.
Begin MonoManager ReloadAssembly
Native extension for WindowsStandalone target not found
Refreshing native plugins compatible for Editor in 0.49 ms, found 5 plugins.
Preloading 2 native plugins for Editor in 0.05 ms.
System.NullReferenceException: Object reference not set to an instance of an object
  at Vuforia.EditorClasses.ExtensionTypeProvider.GetVuforiaPackageAbsPath () [0x0004a] in <67f168408fbf4fce9c04342c093e9fe7>:0 
  at Vuforia.EditorClasses.ExtensionTypeProvider.IsPackageManager () [0x00000] in <67f168408fbf4fce9c04342c093e9fe7>:0 
  at Vuforia.EditorClasses.ExtensionTypeProvider.ResolvePluginType () [0x00009] in <67f168408fbf4fce9c04342c093e9fe7>:0 
  at Vuforia.EditorClasses.ExtensionTypeProvider.GetPluginType () [0x0000c] in <67f168408fbf4fce9c04342c093e9fe7>:0 
  at Vuforia.EditorClasses.VuforiaUtilities.IsVuforiaEnabledInPlayerSettings () [0x00000] in <67f168408fbf4fce9c04342c093e9fe7>:0 
  at VuforiaEnabledObserver..cctor () [0x00000] in <67f168408fbf4fce9c04342c093e9fe7>:0 
UnityEngine.StackTraceUtility:ExtractStackTrace ()
UnityEngine.DebugLogHandler:LogFormat (UnityEngine.LogType,UnityEngine.Object,string,object[])
UnityEngine.Logger:Log (UnityEngine.LogType,object)
UnityEngine.Debug:LogError (object)
UnityEditor.EditorAssemblies:ProcessInitializeOnLoadAttributes (System.Type[])

System.NullReferenceException: Object reference not set to an instance of an object
  at Vuforia.EditorClasses.ExtensionTypeProvider.GetVuforiaPackageAbsPath () [0x0004a] in <67f168408fbf4fce9c04342c093e9fe7>:0 
  at Vuforia.EditorClasses.ExtensionTypeProvider.IsPackageManager () [0x00000] in <67f168408fbf4fce9c04342c093e9fe7>:0 
  at Vuforia.EditorClasses.ExtensionTypeProvider.ResolvePluginType () [0x00009] in <67f168408fbf4fce9c04342c093e9fe7>:0 
  at Vuforia.EditorClasses.ExtensionTypeProvider.GetPluginType () [0x0000c] in <67f168408fbf4fce9c04342c093e9fe7>:0 
  at Vuforia.EditorClasses.VuforiaUtilities.IsVuforiaEnabledInPlayerSettings () [0x00000] in <67f168408fbf4fce9c04342c093e9fe7>:0 
  at Vuforia.EditorClasses.InitializeOnLoadVuforiaTaskRunner..cctor () [0x00015] in <67f168408fbf4fce9c04342c093e9fe7>:0 
UnityEngine.StackTraceUtility:ExtractStackTrace ()
UnityEngine.DebugLogHandler:LogFormat (UnityEngine.LogType,UnityEngine.Object,string,object[])
UnityEngine.Logger:Log (UnityEngine.LogType,object)
UnityEngine.Debug:LogError (object)
UnityEditor.EditorAssemblies:ProcessInitializeOnLoadAttributes (System.Type[])

Mono: successfully reloaded assembly
- Completed reload, in  0.834 seconds
Platform modules already initialized, skipping
Refreshing native plugins compatible for Editor in 0.49 ms, found 5 plugins.
Preloading 2 native plugins for Editor in 0.05 ms.
Unloading 1421 Unused Serialized files (Serialized files now loaded: 0)
System memory in use before: 71.2 MB.
System memory in use after: 71.3 MB.

Unloading 42 unused Assets to reduce memory usage. Loaded Objects now: 2180.
Total: 2.494300 ms (FindLiveObjects: 0.144900 ms CreateObjectMapping: 0.040100 ms MarkObjects: 2.244300 ms  DeleteObjects: 0.064200 ms)

========================================================================
Received Prepare
Registering precompiled user dll's ...
Registered in 0.004823 seconds.
Begin MonoManager ReloadAssembly
Native extension for WindowsStandalone target not found
Refreshing native plugins compatible for Editor in 0.49 ms, found 5 plugins.
Preloading 2 native plugins for Editor in 0.05 ms.
System.NullReferenceException: Object reference not set to an instance of an object
  at Vuforia.EditorClasses.ExtensionTypeProvider.GetVuforiaPackageAbsPath () [0x0004a] in <67f168408fbf4fce9c04342c093e9fe7>:0 
  at Vuforia.EditorClasses.ExtensionTypeProvider.IsPackageManager () [0x00000] in <67f168408fbf4fce9c04342c093e9fe7>:0 
  at Vuforia.EditorClasses.ExtensionTypeProvider.ResolvePluginType () [0x00009] in <67f168408fbf4fce9c04342c093e9fe7>:0 
  at Vuforia.EditorClasses.ExtensionTypeProvider.GetPluginType () [0x0000c] in <67f168408fbf4fce9c04342c093e9fe7>:0 
  at Vuforia.EditorClasses.VuforiaUtilities.IsVuforiaEnabledInPlayerSettings () [0x00000] in <67f168408fbf4fce9c04342c093e9fe7>:0 
  at VuforiaEnabledObserver..cctor () [0x00000] in <67f168408fbf4fce9c04342c093e9fe7>:0 
UnityEngine.StackTraceUtility:ExtractStackTrace ()
UnityEngine.DebugLogHandler:LogFormat (UnityEngine.LogType,UnityEngine.Object,string,object[])
UnityEngine.Logger:Log (UnityEngine.LogType,object)
UnityEngine.Debug:LogError (object)
UnityEditor.EditorAssemblies:ProcessInitializeOnLoadAttributes (System.Type[])

System.NullReferenceException: Object reference not set to an instance of an object
  at Vuforia.EditorClasses.ExtensionTypeProvider.GetVuforiaPackageAbsPath () [0x0004a] in <67f168408fbf4fce9c04342c093e9fe7>:0 
  at Vuforia.EditorClasses.ExtensionTypeProvider.IsPackageManager () [0x00000] in <67f168408fbf4fce9c04342c093e9fe7>:0 
  at Vuforia.EditorClasses.ExtensionTypeProvider.ResolvePluginType () [0x00009] in <67f168408fbf4fce9c04342c093e9fe7>:0 
  at Vuforia.EditorClasses.ExtensionTypeProvider.GetPluginType () [0x0000c] in <67f168408fbf4fce9c04342c093e9fe7>:0 
  at Vuforia.EditorClasses.VuforiaUtilities.IsVuforiaEnabledInPlayerSettings () [0x00000] in <67f168408fbf4fce9c04342c093e9fe7>:0 
  at Vuforia.EditorClasses.InitializeOnLoadVuforiaTaskRunner..cctor () [0x00015] in <67f168408fbf4fce9c04342c093e9fe7>:0 
UnityEngine.StackTraceUtility:ExtractStackTrace ()
UnityEngine.DebugLogHandler:LogFormat (UnityEngine.LogType,UnityEngine.Object,string,object[])
UnityEngine.Logger:Log (UnityEngine.LogType,object)
UnityEngine.Debug:LogError (object)
UnityEditor.EditorAssemblies:ProcessInitializeOnLoadAttributes (System.Type[])

Mono: successfully reloaded assembly
- Completed reload, in  0.806 seconds
Platform modules already initialized, skipping
Refreshing native plugins compatible for Editor in 0.49 ms, found 5 plugins.
Preloading 2 native plugins for Editor in 0.05 ms.
Unloading 1421 Unused Serialized files (Serialized files now loaded: 0)
System memory in use before: 71.3 MB.
System memory in use after: 71.3 MB.

Unloading 42 unused Assets to reduce memory usage. Loaded Objects now: 2183.
Total: 1.674300 ms (FindLiveObjects: 0.182200 ms CreateObjectMapping: 0.037700 ms MarkObjects: 1.398100 ms  DeleteObjects: 0.054600 ms)

========================================================================
Received Prepare
Registering precompiled user dll's ...
Registered in 0.410455 seconds.
Begin MonoManager ReloadAssembly
Native extension for WindowsStandalone target not found
Refreshing native plugins compatible for Editor in 0.51 ms, found 5 plugins.
Preloading 2 native plugins for Editor in 0.05 ms.
System.NullReferenceException: Object reference not set to an instance of an object
  at Vuforia.EditorClasses.ExtensionTypeProvider.GetVuforiaPackageAbsPath () [0x0004a] in <67f168408fbf4fce9c04342c093e9fe7>:0 
  at Vuforia.EditorClasses.ExtensionTypeProvider.IsPackageManager () [0x00000] in <67f168408fbf4fce9c04342c093e9fe7>:0 
  at Vuforia.EditorClasses.ExtensionTypeProvider.ResolvePluginType () [0x00009] in <67f168408fbf4fce9c04342c093e9fe7>:0 
  at Vuforia.EditorClasses.ExtensionTypeProvider.GetPluginType () [0x0000c] in <67f168408fbf4fce9c04342c093e9fe7>:0 
  at Vuforia.EditorClasses.VuforiaUtilities.IsVuforiaEnabledInPlayerSettings () [0x00000] in <67f168408fbf4fce9c04342c093e9fe7>:0 
  at VuforiaEnabledObserver..cctor () [0x00000] in <67f168408fbf4fce9c04342c093e9fe7>:0 
UnityEngine.StackTraceUtility:ExtractStackTrace ()
UnityEngine.DebugLogHandler:LogFormat (UnityEngine.LogType,UnityEngine.Object,string,object[])
UnityEngine.Logger:Log (UnityEngine.LogType,object)
UnityEngine.Debug:LogError (object)
UnityEditor.EditorAssemblies:ProcessInitializeOnLoadAttributes (System.Type[])

System.NullReferenceException: Object reference not set to an instance of an object
  at Vuforia.EditorClasses.ExtensionTypeProvider.GetVuforiaPackageAbsPath () [0x0004a] in <67f168408fbf4fce9c04342c093e9fe7>:0 
  at Vuforia.EditorClasses.ExtensionTypeProvider.IsPackageManager () [0x00000] in <67f168408fbf4fce9c04342c093e9fe7>:0 
  at Vuforia.EditorClasses.ExtensionTypeProvider.ResolvePluginType () [0x00009] in <67f168408fbf4fce9c04342c093e9fe7>:0 
  at Vuforia.EditorClasses.ExtensionTypeProvider.GetPluginType () [0x0000c] in <67f168408fbf4fce9c04342c093e9fe7>:0 
  at Vuforia.EditorClasses.VuforiaUtilities.IsVuforiaEnabledInPlayerSettings () [0x00000] in <67f168408fbf4fce9c04342c093e9fe7>:0 
  at Vuforia.EditorClasses.InitializeOnLoadVuforiaTaskRunner..cctor () [0x00015] in <67f168408fbf4fce9c04342c093e9fe7>:0 
UnityEngine.StackTraceUtility:ExtractStackTrace ()
UnityEngine.DebugLogHandler:LogFormat (UnityEngine.LogType,UnityEngine.Object,string,object[])
UnityEngine.Logger:Log (UnityEngine.LogType,object)
UnityEngine.Debug:LogError (object)
UnityEditor.EditorAssemblies:ProcessInitializeOnLoadAttributes (System.Type[])

Mono: successfully reloaded assembly
- Completed reload, in  0.848 seconds
Platform modules already initialized, skipping
Switching build target platform(19) subTarget(0) extendedPlatform(0) -> platform(13) subTarget(537395200) extendedPlatform(0)
Refreshing native plugins compatible for Editor in 0.76 ms, found 5 plugins.
Preloading 2 native plugins for Editor in 0.06 ms.
Unloading 1425 Unused Serialized files (Serialized files now loaded: 0)
System memory in use before: 71.1 MB.
System memory in use after: 71.2 MB.

Unloading 42 unused Assets to reduce memory usage. Loaded Objects now: 2186.
Total: 5.823600 ms (FindLiveObjects: 0.297300 ms CreateObjectMapping: 0.058200 ms MarkObjects: 5.394900 ms  DeleteObjects: 0.071100 ms)

AssetImportParameters requested are different than current active one (requested -> active):
  custom:graphics/normal-map-encoding: 01000000000000000000000000000000 -> 02000000000000000000000000000000
========================================================================
Received Prepare
Refreshing native plugins compatible for Editor in 6.20 ms, found 5 plugins.
Preloading 2 native plugins for Editor in 0.05 ms.
Unloading 40 Unused Serialized files (Serialized files now loaded: 0)
System memory in use before: 43.7 MB.
System memory in use after: 43.8 MB.

Unloading 40 unused Assets to reduce memory usage. Loaded Objects now: 2186.
Total: 1.903300 ms (FindLiveObjects: 0.189600 ms CreateObjectMapping: 0.036500 ms MarkObjects: 1.627500 ms  DeleteObjects: 0.048100 ms)

========================================================================
Received Prepare
Switching build target platform(13) subTarget(537395200) extendedPlatform(0) -> platform(13) subTarget(524288) extendedPlatform(0)
Refreshing native plugins compatible for Editor in 7.05 ms, found 5 plugins.
Preloading 2 native plugins for Editor in 0.04 ms.
Unloading 40 Unused Serialized files (Serialized files now loaded: 0)
System memory in use before: 43.7 MB.
System memory in use after: 43.8 MB.

Unloading 40 unused Assets to reduce memory usage. Loaded Objects now: 2186.
Total: 2.076600 ms (FindLiveObjects: 0.167900 ms CreateObjectMapping: 0.038400 ms MarkObjects: 1.810400 ms  DeleteObjects: 0.058900 ms)

AssetImportParameters requested are different than current active one (requested -> active):
  buildTarget: platform 13, subtarget 524288, extendedPlatform 0 -> platform 13, subtarget 537395200, extendedPlatform 0
  graphicsApiMask: 2048 -> 2099200
========================================================================
Received Prepare
Refreshing native plugins compatible for Editor in 7.99 ms, found 5 plugins.
Preloading 2 native plugins for Editor in 0.05 ms.
Unloading 40 Unused Serialized files (Serialized files now loaded: 0)
System memory in use before: 43.7 MB.
System memory in use after: 43.8 MB.

Unloading 40 unused Assets to reduce memory usage. Loaded Objects now: 2186.
Total: 1.808000 ms (FindLiveObjects: 0.243700 ms CreateObjectMapping: 0.054600 ms MarkObjects: 1.455600 ms  DeleteObjects: 0.053200 ms)

========================================================================
Received Import Request.
  Time since last request: 981.422516 seconds.
  path: Assets/DataFiles/Textures/WoodenBoxTexture.png
  artifactKey: Guid(1ba408898dc7a8044a3986c98dd2b4fa) Importer(815301076,1909f56bfc062723c751e8b465ee728b)
Start importing Assets/DataFiles/Textures/WoodenBoxTexture.png using Guid(1ba408898dc7a8044a3986c98dd2b4fa) Importer(815301076,1909f56bfc062723c751e8b465ee728b)  -> (artifact id: '6aebe6f46390d09f382ac6e1f1252a6c') in 0.047977 seconds
  Import took 0.050613 seconds .

========================================================================
Received Import Request.
  Time since last request: 160.618821 seconds.
  path: Assets/Resources/VuforiaConfiguration.asset
  artifactKey: Guid(366cc087a8c174b48a400e1bc508b8fa) Importer(815301076,1909f56bfc062723c751e8b465ee728b)
Start importing Assets/Resources/VuforiaConfiguration.asset using Guid(366cc087a8c174b48a400e1bc508b8fa) Importer(815301076,1909f56bfc062723c751e8b465ee728b)  -> (artifact id: '3f2dd4db40804d798ecdafc4661d7017') in 0.006516 seconds
  Import took 0.008865 seconds .

========================================================================
Received Import Request.
  Time since last request: 0.006940 seconds.
  path: Assets/Resources/VuforiaConfiguration.asset
  artifactKey: Guid(366cc087a8c174b48a400e1bc508b8fa) Importer(815301076,1909f56bfc062723c751e8b465ee728b)
Start importing Assets/Resources/VuforiaConfiguration.asset using Guid(366cc087a8c174b48a400e1bc508b8fa) Importer(815301076,1909f56bfc062723c751e8b465ee728b)  -> (artifact id: '3f2dd4db40804d798ecdafc4661d7017') in 0.001849 seconds
  Import took 0.003986 seconds .

========================================================================
Received Import Request.
  Time since last request: 276.266291 seconds.
  path: Assets/DataFiles/Scenes
  artifactKey: Guid(021d6d4bfa008644c8125d8c757a8a3f) Importer(815301076,1909f56bfc062723c751e8b465ee728b)
Start importing Assets/DataFiles/Scenes using Guid(021d6d4bfa008644c8125d8c757a8a3f) Importer(815301076,1909f56bfc062723c751e8b465ee728b)  -> (artifact id: '53065f70a80a427363c9deaa666620d4') in 0.004235 seconds
  Import took 0.006636 seconds .

========================================================================
Received Import Request.
  Time since last request: 209.248273 seconds.
  path: Assets/Azerilo/Demo Assets
  artifactKey: Guid(5b0187b6926aa174e8988ac8c704521f) Importer(815301076,1909f56bfc062723c751e8b465ee728b)
Start importing Assets/Azerilo/Demo Assets using Guid(5b0187b6926aa174e8988ac8c704521f) Importer(815301076,1909f56bfc062723c751e8b465ee728b)  -> (artifact id: 'ae1ef5ff7bbb142a00c50711946447d6') in 0.005011 seconds
  Import took 0.007614 seconds .

========================================================================
Received Import Request.
  Time since last request: 0.051301 seconds.
  path: Assets/Azerilo/Demo Assets/Concrete.png
  artifactKey: Guid(54fe9336185816b42b71905ad8edb8ab) Importer(815301076,1909f56bfc062723c751e8b465ee728b)
Start importing Assets/Azerilo/Demo Assets/Concrete.png using Guid(54fe9336185816b42b71905ad8edb8ab) Importer(815301076,1909f56bfc062723c751e8b465ee728b)  -> (artifact id: 'd0df535ec66885cc9fc39a671bb3b0db') in 0.026461 seconds
  Import took 0.028667 seconds .

========================================================================
Received Import Request.
  Time since last request: 0.000149 seconds.
  path: Assets/Azerilo/Demo Assets/Ground.mat
  artifactKey: Guid(aad598b43aa780247ae3dc593eceea9f) Importer(815301076,1909f56bfc062723c751e8b465ee728b)
Start importing Assets/Azerilo/Demo Assets/Ground.mat using Guid(aad598b43aa780247ae3dc593eceea9f) Importer(815301076,1909f56bfc062723c751e8b465ee728b)  -> (artifact id: '1e68ecdd0f08eb25131db0daeab4e553') in 0.159690 seconds
  Import took 0.161841 seconds .

========================================================================
Received Import Request.
  Time since last request: 3.644374 seconds.
  path: Assets/Azerilo/HQ Racing Car Model No.1203/Prefabs
  artifactKey: Guid(cff2024b5a6f2a94fb43affc29268449) Importer(815301076,1909f56bfc062723c751e8b465ee728b)
Start importing Assets/Azerilo/HQ Racing Car Model No.1203/Prefabs using Guid(cff2024b5a6f2a94fb43affc29268449) Importer(815301076,1909f56bfc062723c751e8b465ee728b)  -> (artifact id: '3afb404c8c99749ae04ed28a95fd8d3a') in 0.004629 seconds
  Import took 0.006839 seconds .

========================================================================
Received Import Request.
  Time since last request: 0.069793 seconds.
  path: Assets/Azerilo/HQ Racing Car Model No.1203/Prefabs/car 1203 black.prefab
  artifactKey: Guid(cbb8e6d260264894d9ad98063dbb89ea) Importer(815301076,1909f56bfc062723c751e8b465ee728b)
Start importing Assets/Azerilo/HQ Racing Car Model No.1203/Prefabs/car 1203 black.prefab using Guid(cbb8e6d260264894d9ad98063dbb89ea) Importer(815301076,1909f56bfc062723c751e8b465ee728b)  -> (artifact id: 'fd340c70535e2956a1c6f67cfda46eab') in 0.512258 seconds
  Import took 0.515511 seconds .

========================================================================
Received Import Request.
  Time since last request: 0.000138 seconds.
  path: Assets/Azerilo/HQ Racing Car Model No.1203/Prefabs/car 1203 green.prefab
  artifactKey: Guid(e0bdb7ccbea6bdc4195d5f0ca4f5a092) Importer(815301076,1909f56bfc062723c751e8b465ee728b)
Start importing Assets/Azerilo/HQ Racing Car Model No.1203/Prefabs/car 1203 green.prefab using Guid(e0bdb7ccbea6bdc4195d5f0ca4f5a092) Importer(815301076,1909f56bfc062723c751e8b465ee728b)  -> (artifact id: '1e7687d6e5115943fb7b5761804d5478') in 0.041960 seconds
  Import took 0.044411 seconds .

========================================================================
Received Import Request.
  Time since last request: 0.000160 seconds.
  path: Assets/Azerilo/HQ Racing Car Model No.1203/Prefabs/car 1203 yellow.prefab
  artifactKey: Guid(3876e5469a8e4774c8e455e83060541e) Importer(815301076,1909f56bfc062723c751e8b465ee728b)
Start importing Assets/Azerilo/HQ Racing Car Model No.1203/Prefabs/car 1203 yellow.prefab using Guid(3876e5469a8e4774c8e455e83060541e) Importer(815301076,1909f56bfc062723c751e8b465ee728b)  -> (artifact id: '7c59a55d5828e230162ff231606fcd11') in 0.035187 seconds
  Import took 0.037909 seconds .

========================================================================
Received Import Request.
  Time since last request: 0.000165 seconds.
  path: Assets/Azerilo/HQ Racing Car Model No.1203/Prefabs/wheel_front_right.prefab
  artifactKey: Guid(ca970b0687dbd6f46baed8c70137e880) Importer(815301076,1909f56bfc062723c751e8b465ee728b)
Start importing Assets/Azerilo/HQ Racing Car Model No.1203/Prefabs/wheel_front_right.prefab using Guid(ca970b0687dbd6f46baed8c70137e880) Importer(815301076,1909f56bfc062723c751e8b465ee728b)  -> (artifact id: 'ee1ba328ec7974a13e936a4f7c67e5a4') in 0.024279 seconds
  Import took 0.026664 seconds .

========================================================================
Received Import Request.
  Time since last request: 0.000156 seconds.
  path: Assets/Azerilo/HQ Racing Car Model No.1203/Prefabs/car 1203 white.prefab
  artifactKey: Guid(fb0b25f26d24e164ba70cdc1d4a7b35e) Importer(815301076,1909f56bfc062723c751e8b465ee728b)
Start importing Assets/Azerilo/HQ Racing Car Model No.1203/Prefabs/car 1203 white.prefab using Guid(fb0b25f26d24e164ba70cdc1d4a7b35e) Importer(815301076,1909f56bfc062723c751e8b465ee728b)  -> (artifact id: 'af257876b5308fcaf6a95fdeea00633f') in 0.033870 seconds
  Import took 0.036707 seconds .

========================================================================
Received Import Request.
  Time since last request: 0.000141 seconds.
  path: Assets/Azerilo/HQ Racing Car Model No.1203/Prefabs/car 1203 blue.prefab
  artifactKey: Guid(5d2d294a55c8dad4f863791b2ec6aa9e) Importer(815301076,1909f56bfc062723c751e8b465ee728b)
Start importing Assets/Azerilo/HQ Racing Car Model No.1203/Prefabs/car 1203 blue.prefab using Guid(5d2d294a55c8dad4f863791b2ec6aa9e) Importer(815301076,1909f56bfc062723c751e8b465ee728b)  -> (artifact id: 'cc7ffd8bdd35e3f7607bda1868f0e812') in 0.036409 seconds
  Import took 0.039085 seconds .

========================================================================
Received Import Request.
  Time since last request: 0.000171 seconds.
  path: Assets/Azerilo/HQ Racing Car Model No.1203/Prefabs/wheel_back_right.prefab
  artifactKey: Guid(a340fbe2b647da2429920ebf9de43872) Importer(815301076,1909f56bfc062723c751e8b465ee728b)
Start importing Assets/Azerilo/HQ Racing Car Model No.1203/Prefabs/wheel_back_right.prefab using Guid(a340fbe2b647da2429920ebf9de43872) Importer(815301076,1909f56bfc062723c751e8b465ee728b)  -> (artifact id: 'f193d650e1bc9c81da5fb94a5ad207ec') in 0.019175 seconds
  Import took 0.021545 seconds .

========================================================================
Received Prepare
Refreshing native plugins compatible for Editor in 5.87 ms, found 5 plugins.
Preloading 2 native plugins for Editor in 0.05 ms.
Unloading 40 Unused Serialized files (Serialized files now loaded: 0)
System memory in use before: 44.2 MB.
System memory in use after: 44.3 MB.

Unloading 40 unused Assets to reduce memory usage. Loaded Objects now: 2187.
Total: 2.292300 ms (FindLiveObjects: 0.169900 ms CreateObjectMapping: 0.038800 ms MarkObjects: 2.023900 ms  DeleteObjects: 0.059100 ms)

========================================================================
Received Prepare
Refreshing native plugins compatible for Editor in 5.81 ms, found 5 plugins.
Preloading 2 native plugins for Editor in 0.05 ms.
Unloading 40 Unused Serialized files (Serialized files now loaded: 0)
System memory in use before: 44.2 MB.
System memory in use after: 44.3 MB.

Unloading 40 unused Assets to reduce memory usage. Loaded Objects now: 2187.
Total: 2.362300 ms (FindLiveObjects: 0.186700 ms CreateObjectMapping: 0.035100 ms MarkObjects: 2.055900 ms  DeleteObjects: 0.083600 ms)

========================================================================
Received Import Request.
  Time since last request: 752.552104 seconds.
  path: Assets/DataFiles/Scripts
  artifactKey: Guid(17cefc5a04dd9b84ca6eaf7b29eef4cf) Importer(815301076,1909f56bfc062723c751e8b465ee728b)
Start importing Assets/DataFiles/Scripts using Guid(17cefc5a04dd9b84ca6eaf7b29eef4cf) Importer(815301076,1909f56bfc062723c751e8b465ee728b)  -> (artifact id: '3d99c3eb726058c3cfa7e75e25a5d221') in 0.004762 seconds
  Import took 0.006995 seconds .

========================================================================
Received Prepare
Registering precompiled user dll's ...
Registered in 0.004838 seconds.
Begin MonoManager ReloadAssembly
Native extension for WindowsStandalone target not found
Refreshing native plugins compatible for Editor in 0.48 ms, found 5 plugins.
Preloading 2 native plugins for Editor in 0.05 ms.
System.NullReferenceException: Object reference not set to an instance of an object
  at Vuforia.EditorClasses.ExtensionTypeProvider.GetVuforiaPackageAbsPath () [0x0004a] in <67f168408fbf4fce9c04342c093e9fe7>:0 
  at Vuforia.EditorClasses.ExtensionTypeProvider.IsPackageManager () [0x00000] in <67f168408fbf4fce9c04342c093e9fe7>:0 
  at Vuforia.EditorClasses.ExtensionTypeProvider.ResolvePluginType () [0x00009] in <67f168408fbf4fce9c04342c093e9fe7>:0 
  at Vuforia.EditorClasses.ExtensionTypeProvider.GetPluginType () [0x0000c] in <67f168408fbf4fce9c04342c093e9fe7>:0 
  at Vuforia.EditorClasses.VuforiaUtilities.IsVuforiaEnabledInPlayerSettings () [0x00000] in <67f168408fbf4fce9c04342c093e9fe7>:0 
  at VuforiaEnabledObserver..cctor () [0x00000] in <67f168408fbf4fce9c04342c093e9fe7>:0 
UnityEngine.StackTraceUtility:ExtractStackTrace ()
UnityEngine.DebugLogHandler:LogFormat (UnityEngine.LogType,UnityEngine.Object,string,object[])
UnityEngine.Logger:Log (UnityEngine.LogType,object)
UnityEngine.Debug:LogError (object)
UnityEditor.EditorAssemblies:ProcessInitializeOnLoadAttributes (System.Type[])

System.NullReferenceException: Object reference not set to an instance of an object
  at Vuforia.EditorClasses.ExtensionTypeProvider.GetVuforiaPackageAbsPath () [0x0004a] in <67f168408fbf4fce9c04342c093e9fe7>:0 
  at Vuforia.EditorClasses.ExtensionTypeProvider.IsPackageManager () [0x00000] in <67f168408fbf4fce9c04342c093e9fe7>:0 
  at Vuforia.EditorClasses.ExtensionTypeProvider.ResolvePluginType () [0x00009] in <67f168408fbf4fce9c04342c093e9fe7>:0 
  at Vuforia.EditorClasses.ExtensionTypeProvider.GetPluginType () [0x0000c] in <67f168408fbf4fce9c04342c093e9fe7>:0 
  at Vuforia.EditorClasses.VuforiaUtilities.IsVuforiaEnabledInPlayerSettings () [0x00000] in <67f168408fbf4fce9c04342c093e9fe7>:0 
  at Vuforia.EditorClasses.InitializeOnLoadVuforiaTaskRunner..cctor () [0x00015] in <67f168408fbf4fce9c04342c093e9fe7>:0 
UnityEngine.StackTraceUtility:ExtractStackTrace ()
UnityEngine.DebugLogHandler:LogFormat (UnityEngine.LogType,UnityEngine.Object,string,object[])
UnityEngine.Logger:Log (UnityEngine.LogType,object)
UnityEngine.Debug:LogError (object)
UnityEditor.EditorAssemblies:ProcessInitializeOnLoadAttributes (System.Type[])

Mono: successfully reloaded assembly
- Completed reload, in  0.834 seconds
Platform modules already initialized, skipping
Switching build target platform(19) subTarget(0) extendedPlatform(0) -> platform(13) subTarget(524288) extendedPlatform(0)
Refreshing native plugins compatible for Editor in 0.49 ms, found 5 plugins.
Preloading 2 native plugins for Editor in 0.05 ms.
Unloading 1426 Unused Serialized files (Serialized files now loaded: 0)
System memory in use before: 71.4 MB.
System memory in use after: 71.4 MB.

Unloading 42 unused Assets to reduce memory usage. Loaded Objects now: 2191.
Total: 1.664500 ms (FindLiveObjects: 0.170400 ms CreateObjectMapping: 0.037600 ms MarkObjects: 1.403000 ms  DeleteObjects: 0.052700 ms)

AssetImportParameters requested are different than current active one (requested -> active):
  custom:graphics/normal-map-encoding: 01000000000000000000000000000000 -> 02000000000000000000000000000000
========================================================================
Received Import Request.
  Time since last request: 12.884859 seconds.
  path: Assets/DataFiles/Scripts/CameraFocusController.cs
  artifactKey: Guid(0bf6465c68d181a4887f2bff212cef82) Importer(815301076,1909f56bfc062723c751e8b465ee728b)
Start importing Assets/DataFiles/Scripts/CameraFocusController.cs using Guid(0bf6465c68d181a4887f2bff212cef82) Importer(815301076,1909f56bfc062723c751e8b465ee728b)  -> (artifact id: 'a77300ecd817d8964e1d3d7274b0fbfc') in 0.008629 seconds
  Import took 0.011104 seconds .

========================================================================
Received Import Request.
  Time since last request: 0.016293 seconds.
  path: Assets/DataFiles/Scripts/CameraFocusController.cs
  artifactKey: Guid(0bf6465c68d181a4887f2bff212cef82) Importer(815301076,1909f56bfc062723c751e8b465ee728b)
Start importing Assets/DataFiles/Scripts/CameraFocusController.cs using Guid(0bf6465c68d181a4887f2bff212cef82) Importer(815301076,1909f56bfc062723c751e8b465ee728b)  -> (artifact id: 'a77300ecd817d8964e1d3d7274b0fbfc') in 0.001309 seconds
  Import took 0.003401 seconds .

========================================================================
Received Prepare
Refreshing native plugins compatible for Editor in 5.81 ms, found 5 plugins.
Preloading 2 native plugins for Editor in 0.04 ms.
Unloading 40 Unused Serialized files (Serialized files now loaded: 0)
System memory in use before: 44.1 MB.
System memory in use after: 44.1 MB.

Unloading 40 unused Assets to reduce memory usage. Loaded Objects now: 2191.
Total: 1.625500 ms (FindLiveObjects: 0.144200 ms CreateObjectMapping: 0.036900 ms MarkObjects: 1.400400 ms  DeleteObjects: 0.043500 ms)

========================================================================
Received Import Request.
  Time since last request: 816.161852 seconds.
  path: Assets/DataFiles/Shaders
  artifactKey: Guid(5c46fd4662d9c78448b27f9e068f510e) Importer(815301076,1909f56bfc062723c751e8b465ee728b)
Start importing Assets/DataFiles/Shaders using Guid(5c46fd4662d9c78448b27f9e068f510e) Importer(815301076,1909f56bfc062723c751e8b465ee728b)  -> (artifact id: '0d7a8442310cb81c7d60547bcef6355d') in 0.005496 seconds
  Import took 0.059515 seconds .

========================================================================
Received Import Request.
  Time since last request: 39.102979 seconds.
  path: Assets/DataFiles/Shaders/ARShadowShader.shader
  artifactKey: Guid(f25b109c69be58d48a7df1fce43cccd3) Importer(815301076,1909f56bfc062723c751e8b465ee728b)
Start importing Assets/DataFiles/Shaders/ARShadowShader.shader using Guid(f25b109c69be58d48a7df1fce43cccd3) Importer(815301076,1909f56bfc062723c751e8b465ee728b)  -> (artifact id: '73693864c4f731399192928564185250') in 0.015623 seconds
  Import took 0.018233 seconds .

========================================================================
Received Import Request.
  Time since last request: 78.649477 seconds.
  path: Assets/DataFiles/Shaders/ARShadowShader.shader
  artifactKey: Guid(f25b109c69be58d48a7df1fce43cccd3) Importer(815301076,1909f56bfc062723c751e8b465ee728b)
Start importing Assets/DataFiles/Shaders/ARShadowShader.shader using Guid(f25b109c69be58d48a7df1fce43cccd3) Importer(815301076,1909f56bfc062723c751e8b465ee728b)  -> (artifact id: '4d151d8b189fd8f569000f150799d843') in 0.002590 seconds
  Import took 0.005114 seconds .

========================================================================
Received Import Request.
  Time since last request: 2.072888 seconds.
  path: Assets/Azerilo/HQ Racing Car Model No.1203/Materials/black.mat
  artifactKey: Guid(14d9d9e7ae0536c42848e23d87fc3c3d) Importer(815301076,1909f56bfc062723c751e8b465ee728b)
Start importing Assets/Azerilo/HQ Racing Car Model No.1203/Materials/black.mat using Guid(14d9d9e7ae0536c42848e23d87fc3c3d) Importer(815301076,1909f56bfc062723c751e8b465ee728b)  -> (artifact id: '50497f1a42fc383242bfc3054b3acdc7') in 0.076937 seconds
  Import took 0.094650 seconds .

========================================================================
Received Import Request.
  Time since last request: 0.000165 seconds.
  path: Assets/Azerilo/HQ Racing Car Model No.1203/Materials/details mat.mat
  artifactKey: Guid(0e69560617fd0d047ad1e0e2c2f7c39a) Importer(815301076,1909f56bfc062723c751e8b465ee728b)
Start importing Assets/Azerilo/HQ Racing Car Model No.1203/Materials/details mat.mat using Guid(0e69560617fd0d047ad1e0e2c2f7c39a) Importer(815301076,1909f56bfc062723c751e8b465ee728b)  -> (artifact id: '998751851a42b781e07f934dd828fab7') in 0.023493 seconds
  Import took 0.025914 seconds .

========================================================================
Received Import Request.
  Time since last request: 0.000164 seconds.
  path: Assets/Azerilo/HQ Racing Car Model No.1203/Materials/BodyMat green.mat
  artifactKey: Guid(b8aff1ca3117a2b43aedfe829b696349) Importer(815301076,1909f56bfc062723c751e8b465ee728b)
Start importing Assets/Azerilo/HQ Racing Car Model No.1203/Materials/BodyMat green.mat using Guid(b8aff1ca3117a2b43aedfe829b696349) Importer(815301076,1909f56bfc062723c751e8b465ee728b)  -> (artifact id: 'cd48101117b0a70c081a3bde48668806') in 0.019106 seconds
  Import took 0.021598 seconds .

========================================================================
Received Import Request.
  Time since last request: 0.000178 seconds.
  path: Assets/Azerilo/HQ Racing Car Model No.1203/Materials/lambert13.mat
  artifactKey: Guid(628efa7affab98f4aae96f406cffe3ab) Importer(815301076,1909f56bfc062723c751e8b465ee728b)
Start importing Assets/Azerilo/HQ Racing Car Model No.1203/Materials/lambert13.mat using Guid(628efa7affab98f4aae96f406cffe3ab) Importer(815301076,1909f56bfc062723c751e8b465ee728b)  -> (artifact id: '9289f293ad47fe54ccaef699beb21432') in 0.019457 seconds
  Import took 0.021653 seconds .

========================================================================
Received Import Request.
  Time since last request: 0.000194 seconds.
  path: Assets/Azerilo/HQ Racing Car Model No.1203/Materials/bottom mat.mat
  artifactKey: Guid(0102aa33ba3dec44f867529b125f6be9) Importer(815301076,1909f56bfc062723c751e8b465ee728b)
Start importing Assets/Azerilo/HQ Racing Car Model No.1203/Materials/bottom mat.mat using Guid(0102aa33ba3dec44f867529b125f6be9) Importer(815301076,1909f56bfc062723c751e8b465ee728b)  -> (artifact id: 'fbbfe87883c6ca73fc9ff00aa0aedd99') in 0.011299 seconds
  Import took 0.013860 seconds .

========================================================================
Received Import Request.
  Time since last request: 0.000184 seconds.
  path: Assets/Azerilo/HQ Racing Car Model No.1203/Materials/brake.mat
  artifactKey: Guid(24b53db0810cb2e4e9fa41151d8e51f9) Importer(815301076,1909f56bfc062723c751e8b465ee728b)
Start importing Assets/Azerilo/HQ Racing Car Model No.1203/Materials/brake.mat using Guid(24b53db0810cb2e4e9fa41151d8e51f9) Importer(815301076,1909f56bfc062723c751e8b465ee728b)  -> (artifact id: '6bf450e684664f0144620d48b5aa4912') in 0.015576 seconds
  Import took 0.018064 seconds .

========================================================================
Received Import Request.
  Time since last request: 0.000183 seconds.
  path: Assets/Azerilo/HQ Racing Car Model No.1203/Materials/BodyMat white.mat
  artifactKey: Guid(f4fec313c54858345b378310d32946d0) Importer(815301076,1909f56bfc062723c751e8b465ee728b)
Start importing Assets/Azerilo/HQ Racing Car Model No.1203/Materials/BodyMat white.mat using Guid(f4fec313c54858345b378310d32946d0) Importer(815301076,1909f56bfc062723c751e8b465ee728b)  -> (artifact id: '8b37ba1d9bacdcb5ab05457886212189') in 0.012451 seconds
  Import took 0.014719 seconds .

========================================================================
Received Import Request.
  Time since last request: 0.000163 seconds.
  path: Assets/Azerilo/HQ Racing Car Model No.1203/Materials/motor mat.mat
  artifactKey: Guid(787167bf5fef8744da76db78856a0971) Importer(815301076,1909f56bfc062723c751e8b465ee728b)
Start importing Assets/Azerilo/HQ Racing Car Model No.1203/Materials/motor mat.mat using Guid(787167bf5fef8744da76db78856a0971) Importer(815301076,1909f56bfc062723c751e8b465ee728b)  -> (artifact id: 'af98aba14555794fdd7d9c29eb8352a6') in 0.016927 seconds
  Import took 0.019369 seconds .

========================================================================
Received Import Request.
  Time since last request: 0.000176 seconds.
  path: Assets/Azerilo/HQ Racing Car Model No.1203/Materials/Rim mat.mat
  artifactKey: Guid(8974c888e3e1363488e79b1f2d84c1d1) Importer(815301076,1909f56bfc062723c751e8b465ee728b)
Start importing Assets/Azerilo/HQ Racing Car Model No.1203/Materials/Rim mat.mat using Guid(8974c888e3e1363488e79b1f2d84c1d1) Importer(815301076,1909f56bfc062723c751e8b465ee728b)  -> (artifact id: '3397e0ebdaafa9a65c8132fc53ec13d2') in 0.011544 seconds
  Import took 0.013636 seconds .

========================================================================
Received Import Request.
  Time since last request: 0.000141 seconds.
  path: Assets/Azerilo/HQ Racing Car Model No.1203/Materials/ChromeMat 1.mat
  artifactKey: Guid(c866cdaea2e142244a2b8fff4bb6093f) Importer(815301076,1909f56bfc062723c751e8b465ee728b)
Start importing Assets/Azerilo/HQ Racing Car Model No.1203/Materials/ChromeMat 1.mat using Guid(c866cdaea2e142244a2b8fff4bb6093f) Importer(815301076,1909f56bfc062723c751e8b465ee728b)  -> (artifact id: 'a0feb88edff328d144e5c4fdf99a40ed') in 0.012389 seconds
  Import took 0.014622 seconds .

========================================================================
Received Import Request.
  Time since last request: 0.000172 seconds.
  path: Assets/Azerilo/HQ Racing Car Model No.1203/Materials/BodyMat black.mat
  artifactKey: Guid(c35c7d5e33766674d8a3e2078892b059) Importer(815301076,1909f56bfc062723c751e8b465ee728b)
Start importing Assets/Azerilo/HQ Racing Car Model No.1203/Materials/BodyMat black.mat using Guid(c35c7d5e33766674d8a3e2078892b059) Importer(815301076,1909f56bfc062723c751e8b465ee728b)  -> (artifact id: '552a2221bc7c2c9063470085496a9d17') in 0.022474 seconds
  Import took 0.024579 seconds .

========================================================================
Received Import Request.
  Time since last request: 0.000258 seconds.
  path: Assets/Azerilo/HQ Racing Car Model No.1203/Materials/plate mat.mat
  artifactKey: Guid(afdacd55b0710d245a3b9b11017cd409) Importer(815301076,1909f56bfc062723c751e8b465ee728b)
Start importing Assets/Azerilo/HQ Racing Car Model No.1203/Materials/plate mat.mat using Guid(afdacd55b0710d245a3b9b11017cd409) Importer(815301076,1909f56bfc062723c751e8b465ee728b)  -> (artifact id: '5316adeac57d4ab86305fd1470c48509') in 0.011428 seconds
  Import took 0.013822 seconds .

========================================================================
Received Import Request.
  Time since last request: 0.000170 seconds.
  path: Assets/Azerilo/HQ Racing Car Model No.1203/Materials/tire mat.mat
  artifactKey: Guid(5d39f68aab1b1a04e8da3b0a0b896050) Importer(815301076,1909f56bfc062723c751e8b465ee728b)
Start importing Assets/Azerilo/HQ Racing Car Model No.1203/Materials/tire mat.mat using Guid(5d39f68aab1b1a04e8da3b0a0b896050) Importer(815301076,1909f56bfc062723c751e8b465ee728b)  -> (artifact id: 'b78cbad54a92996630246b201aa8cebf') in 0.013543 seconds
  Import took 0.016037 seconds .

========================================================================
Received Import Request.
  Time since last request: 0.000189 seconds.
  path: Assets/Azerilo/HQ Racing Car Model No.1203/Materials/tire border mat.mat
  artifactKey: Guid(de2d443f9c62a4347b57c1de3137d2ad) Importer(815301076,1909f56bfc062723c751e8b465ee728b)
Start importing Assets/Azerilo/HQ Racing Car Model No.1203/Materials/tire border mat.mat using Guid(de2d443f9c62a4347b57c1de3137d2ad) Importer(815301076,1909f56bfc062723c751e8b465ee728b)  -> (artifact id: '3fc4be2f6f12b36da4c333e625302cec') in 0.017907 seconds
  Import took 0.020599 seconds .

========================================================================
Received Import Request.
  Time since last request: 0.000180 seconds.
  path: Assets/Azerilo/HQ Racing Car Model No.1203/Materials/dashboard mat.mat
  artifactKey: Guid(fb8ff69351a2cd44596311aa9afc08f3) Importer(815301076,1909f56bfc062723c751e8b465ee728b)
Start importing Assets/Azerilo/HQ Racing Car Model No.1203/Materials/dashboard mat.mat using Guid(fb8ff69351a2cd44596311aa9afc08f3) Importer(815301076,1909f56bfc062723c751e8b465ee728b)  -> (artifact id: '0416241aa5c633f9036a8160acc14e1c') in 0.028766 seconds
  Import took 0.030813 seconds .

========================================================================
Received Import Request.
  Time since last request: 0.000169 seconds.
  path: Assets/Azerilo/HQ Racing Car Model No.1203/Materials/BodyMat blue.mat
  artifactKey: Guid(d796cd947be0fc341aeee42ba0f62719) Importer(815301076,1909f56bfc062723c751e8b465ee728b)
Start importing Assets/Azerilo/HQ Racing Car Model No.1203/Materials/BodyMat blue.mat using Guid(d796cd947be0fc341aeee42ba0f62719) Importer(815301076,1909f56bfc062723c751e8b465ee728b)  -> (artifact id: 'cedd85f4533ef85bffc92bf8572efed6') in 0.012486 seconds
  Import took 0.014786 seconds .

========================================================================
Received Import Request.
  Time since last request: 0.000148 seconds.
  path: Assets/Azerilo/HQ Racing Car Model No.1203/Materials/BodyMat yellow.mat
  artifactKey: Guid(ef3b15cf9bd765c4788cfc731869c25e) Importer(815301076,1909f56bfc062723c751e8b465ee728b)
Start importing Assets/Azerilo/HQ Racing Car Model No.1203/Materials/BodyMat yellow.mat using Guid(ef3b15cf9bd765c4788cfc731869c25e) Importer(815301076,1909f56bfc062723c751e8b465ee728b)  -> (artifact id: '7404741814bd9bc67d68f6c8e7d8f0f7') in 0.010427 seconds
  Import took 0.012437 seconds .

========================================================================
Received Import Request.
  Time since last request: 0.000169 seconds.
  path: Assets/Azerilo/HQ Racing Car Model No.1203/Materials/brake disk.mat
  artifactKey: Guid(bb63a0f10fdb92741a579305815b466b) Importer(815301076,1909f56bfc062723c751e8b465ee728b)
Start importing Assets/Azerilo/HQ Racing Car Model No.1203/Materials/brake disk.mat using Guid(bb63a0f10fdb92741a579305815b466b) Importer(815301076,1909f56bfc062723c751e8b465ee728b)  -> (artifact id: '6afb6d54fd2ece167bae06d6f0556479') in 0.011720 seconds
  Import took 0.014758 seconds .

========================================================================
Received Import Request.
  Time since last request: 0.000158 seconds.
  path: Assets/Azerilo/HQ Racing Car Model No.1203/Materials/lambert1.mat
  artifactKey: Guid(dea36205ec5216a4eae9144bec6205f8) Importer(815301076,1909f56bfc062723c751e8b465ee728b)
Start importing Assets/Azerilo/HQ Racing Car Model No.1203/Materials/lambert1.mat using Guid(dea36205ec5216a4eae9144bec6205f8) Importer(815301076,1909f56bfc062723c751e8b465ee728b)  -> (artifact id: 'cb6a3520dc0ebe51007871a4e9746443') in 0.010273 seconds
  Import took 0.012281 seconds .

========================================================================
Received Import Request.
  Time since last request: 0.000153 seconds.
  path: Assets/Azerilo/HQ Racing Car Model No.1203/Materials/Glass mat.mat
  artifactKey: Guid(ecf4e798430af3040b1d0a57b43453f8) Importer(815301076,1909f56bfc062723c751e8b465ee728b)
Start importing Assets/Azerilo/HQ Racing Car Model No.1203/Materials/Glass mat.mat using Guid(ecf4e798430af3040b1d0a57b43453f8) Importer(815301076,1909f56bfc062723c751e8b465ee728b)  -> (artifact id: 'aae653e511da290d16febbd1fc9594bf') in 0.018607 seconds
  Import took 0.020622 seconds .

========================================================================
Received Import Request.
  Time since last request: 2.127004 seconds.
  path: Assets/DataFiles/Materials
  artifactKey: Guid(3488d74044bb11c4aa950f903251e470) Importer(815301076,1909f56bfc062723c751e8b465ee728b)
Start importing Assets/DataFiles/Materials using Guid(3488d74044bb11c4aa950f903251e470) Importer(815301076,1909f56bfc062723c751e8b465ee728b)  -> (artifact id: 'a7bdb9fa411414adb0ae4509922dbc49') in 0.005099 seconds
  Import took 0.007723 seconds .

========================================================================
Received Import Request.
  Time since last request: 8.431175 seconds.
  path: Assets/DataFiles/Materials/ARShadowMat.mat
  artifactKey: Guid(4d5144a369976be4fa5577cd195df262) Importer(815301076,1909f56bfc062723c751e8b465ee728b)
Start importing Assets/DataFiles/Materials/ARShadowMat.mat using Guid(4d5144a369976be4fa5577cd195df262) Importer(815301076,1909f56bfc062723c751e8b465ee728b)  -> (artifact id: 'b8b2911b5a7479c2d87c7ce9d467df82') in 0.013614 seconds
  Import took 0.015803 seconds .

========================================================================
Received Import Request.
  Time since last request: 7.713204 seconds.
  path: Assets/DataFiles/Materials/ARShadowMat.mat
  artifactKey: Guid(4d5144a369976be4fa5577cd195df262) Importer(815301076,1909f56bfc062723c751e8b465ee728b)
Start importing Assets/DataFiles/Materials/ARShadowMat.mat using Guid(4d5144a369976be4fa5577cd195df262) Importer(815301076,1909f56bfc062723c751e8b465ee728b)  -> (artifact id: '8662bdfbe4635d955f511b38d4e5cfb6') in 0.010922 seconds
  Import took 0.013365 seconds .

========================================================================
Received Prepare
Refreshing native plugins compatible for Editor in 5.98 ms, found 5 plugins.
Preloading 2 native plugins for Editor in 0.07 ms.
Unloading 41 Unused Serialized files (Serialized files now loaded: 0)
System memory in use before: 44.4 MB.
System memory in use after: 44.5 MB.

Unloading 40 unused Assets to reduce memory usage. Loaded Objects now: 2193.
Total: 2.346400 ms (FindLiveObjects: 0.190500 ms CreateObjectMapping: 0.037700 ms MarkObjects: 2.055600 ms  DeleteObjects: 0.061600 ms)

========================================================================
Received Import Request.
  Time since last request: 738.719996 seconds.
  path: Assets/Low Poly Helicopters Pack Free/Models
  artifactKey: Guid(94823b12f3965444a82d88cbc8bbb83f) Importer(815301076,1909f56bfc062723c751e8b465ee728b)
Start importing Assets/Low Poly Helicopters Pack Free/Models using Guid(94823b12f3965444a82d88cbc8bbb83f) Importer(815301076,1909f56bfc062723c751e8b465ee728b)  -> (artifact id: '3bd197a1fd10ba37849f634a5d506cf2') in 0.005086 seconds
  Import took 0.007562 seconds .

========================================================================
Received Import Request.
  Time since last request: 0.071779 seconds.
  path: Assets/Low Poly Helicopters Pack Free/Models/Heli_1.fbx
  artifactKey: Guid(f81aafb8004015d4b8c0add1556aee0a) Importer(815301076,1909f56bfc062723c751e8b465ee728b)
Start importing Assets/Low Poly Helicopters Pack Free/Models/Heli_1.fbx using Guid(f81aafb8004015d4b8c0add1556aee0a) Importer(815301076,1909f56bfc062723c751e8b465ee728b)  -> (artifact id: '52d4d55045d5d9b1987637a6b8be6669') in 0.137058 seconds
  Import took 0.139379 seconds .

========================================================================
Received Import Request.
  Time since last request: 0.000168 seconds.
  path: Assets/Low Poly Helicopters Pack Free/Models/Heli_3.fbx
  artifactKey: Guid(17d12b7570a4eff4eaaa2562f61e7fda) Importer(815301076,1909f56bfc062723c751e8b465ee728b)
Start importing Assets/Low Poly Helicopters Pack Free/Models/Heli_3.fbx using Guid(17d12b7570a4eff4eaaa2562f61e7fda) Importer(815301076,1909f56bfc062723c751e8b465ee728b)  -> (artifact id: '03c5215ebdfac9b72ef2fa58d3682602') in 0.053814 seconds
  Import took 0.056041 seconds .

========================================================================
Received Import Request.
  Time since last request: 0.000174 seconds.
  path: Assets/Low Poly Helicopters Pack Free/Models/Heli_2.fbx
  artifactKey: Guid(70be9a4e4188719409d63725ea7eed85) Importer(815301076,1909f56bfc062723c751e8b465ee728b)
Start importing Assets/Low Poly Helicopters Pack Free/Models/Heli_2.fbx using Guid(70be9a4e4188719409d63725ea7eed85) Importer(815301076,1909f56bfc062723c751e8b465ee728b)  -> (artifact id: '46e5b757aa1a2db83e1bf1f5775c2f63') in 0.044817 seconds
  Import took 0.046879 seconds .

========================================================================
Received Import Request.
  Time since last request: 238.175021 seconds.
  path: Assets/DataFiles/Scripts/Rotate.cs
  artifactKey: Guid(35fefe4cf86bb194b8903e503036c1a5) Importer(815301076,1909f56bfc062723c751e8b465ee728b)
Start importing Assets/DataFiles/Scripts/Rotate.cs using Guid(35fefe4cf86bb194b8903e503036c1a5) Importer(815301076,1909f56bfc062723c751e8b465ee728b)  -> (artifact id: 'fa2e0f6743596c36f56715f290a5a1bc') in 0.006095 seconds
  Import took 0.008735 seconds .

========================================================================
Received Prepare
Registering precompiled user dll's ...
Registered in 0.004822 seconds.
Begin MonoManager ReloadAssembly
Native extension for WindowsStandalone target not found
Refreshing native plugins compatible for Editor in 0.56 ms, found 5 plugins.
Preloading 2 native plugins for Editor in 0.05 ms.
System.NullReferenceException: Object reference not set to an instance of an object
  at Vuforia.EditorClasses.ExtensionTypeProvider.GetVuforiaPackageAbsPath () [0x0004a] in <67f168408fbf4fce9c04342c093e9fe7>:0 
  at Vuforia.EditorClasses.ExtensionTypeProvider.IsPackageManager () [0x00000] in <67f168408fbf4fce9c04342c093e9fe7>:0 
  at Vuforia.EditorClasses.ExtensionTypeProvider.ResolvePluginType () [0x00009] in <67f168408fbf4fce9c04342c093e9fe7>:0 
  at Vuforia.EditorClasses.ExtensionTypeProvider.GetPluginType () [0x0000c] in <67f168408fbf4fce9c04342c093e9fe7>:0 
  at Vuforia.EditorClasses.VuforiaUtilities.IsVuforiaEnabledInPlayerSettings () [0x00000] in <67f168408fbf4fce9c04342c093e9fe7>:0 
  at VuforiaEnabledObserver..cctor () [0x00000] in <67f168408fbf4fce9c04342c093e9fe7>:0 
UnityEngine.StackTraceUtility:ExtractStackTrace ()
UnityEngine.DebugLogHandler:LogFormat (UnityEngine.LogType,UnityEngine.Object,string,object[])
UnityEngine.Logger:Log (UnityEngine.LogType,object)
UnityEngine.Debug:LogError (object)
UnityEditor.EditorAssemblies:ProcessInitializeOnLoadAttributes (System.Type[])

System.NullReferenceException: Object reference not set to an instance of an object
  at Vuforia.EditorClasses.ExtensionTypeProvider.GetVuforiaPackageAbsPath () [0x0004a] in <67f168408fbf4fce9c04342c093e9fe7>:0 
  at Vuforia.EditorClasses.ExtensionTypeProvider.IsPackageManager () [0x00000] in <67f168408fbf4fce9c04342c093e9fe7>:0 
  at Vuforia.EditorClasses.ExtensionTypeProvider.ResolvePluginType () [0x00009] in <67f168408fbf4fce9c04342c093e9fe7>:0 
  at Vuforia.EditorClasses.ExtensionTypeProvider.GetPluginType () [0x0000c] in <67f168408fbf4fce9c04342c093e9fe7>:0 
  at Vuforia.EditorClasses.VuforiaUtilities.IsVuforiaEnabledInPlayerSettings () [0x00000] in <67f168408fbf4fce9c04342c093e9fe7>:0 
  at Vuforia.EditorClasses.InitializeOnLoadVuforiaTaskRunner..cctor () [0x00015] in <67f168408fbf4fce9c04342c093e9fe7>:0 
UnityEngine.StackTraceUtility:ExtractStackTrace ()
UnityEngine.DebugLogHandler:LogFormat (UnityEngine.LogType,UnityEngine.Object,string,object[])
UnityEngine.Logger:Log (UnityEngine.LogType,object)
UnityEngine.Debug:LogError (object)
UnityEditor.EditorAssemblies:ProcessInitializeOnLoadAttributes (System.Type[])

Mono: successfully reloaded assembly
- Completed reload, in  0.899 seconds
Platform modules already initialized, skipping
Switching build target platform(19) subTarget(0) extendedPlatform(0) -> platform(13) subTarget(524288) extendedPlatform(0)
Refreshing native plugins compatible for Editor in 0.54 ms, found 5 plugins.
Preloading 2 native plugins for Editor in 0.05 ms.
Unloading 1429 Unused Serialized files (Serialized files now loaded: 0)
System memory in use before: 72.2 MB.
System memory in use after: 71.9 MB.

Unloading 44 unused Assets to reduce memory usage. Loaded Objects now: 2200.
Total: 2.347300 ms (FindLiveObjects: 0.204800 ms CreateObjectMapping: 0.040100 ms MarkObjects: 1.812100 ms  DeleteObjects: 0.289100 ms)

AssetImportParameters requested are different than current active one (requested -> active):
  custom:graphics/normal-map-encoding: 01000000000000000000000000000000 -> 02000000000000000000000000000000
========================================================================
Received Prepare
Registering precompiled user dll's ...
Registered in 0.173389 seconds.
Begin MonoManager ReloadAssembly
Native extension for WindowsStandalone target not found
Refreshing native plugins compatible for Editor in 0.51 ms, found 5 plugins.
Preloading 2 native plugins for Editor in 0.05 ms.
System.NullReferenceException: Object reference not set to an instance of an object
  at Vuforia.EditorClasses.ExtensionTypeProvider.GetVuforiaPackageAbsPath () [0x0004a] in <67f168408fbf4fce9c04342c093e9fe7>:0 
  at Vuforia.EditorClasses.ExtensionTypeProvider.IsPackageManager () [0x00000] in <67f168408fbf4fce9c04342c093e9fe7>:0 
  at Vuforia.EditorClasses.ExtensionTypeProvider.ResolvePluginType () [0x00009] in <67f168408fbf4fce9c04342c093e9fe7>:0 
  at Vuforia.EditorClasses.ExtensionTypeProvider.GetPluginType () [0x0000c] in <67f168408fbf4fce9c04342c093e9fe7>:0 
  at Vuforia.EditorClasses.VuforiaUtilities.IsVuforiaEnabledInPlayerSettings () [0x00000] in <67f168408fbf4fce9c04342c093e9fe7>:0 
  at VuforiaEnabledObserver..cctor () [0x00000] in <67f168408fbf4fce9c04342c093e9fe7>:0 
UnityEngine.StackTraceUtility:ExtractStackTrace ()
UnityEngine.DebugLogHandler:LogFormat (UnityEngine.LogType,UnityEngine.Object,string,object[])
UnityEngine.Logger:Log (UnityEngine.LogType,object)
UnityEngine.Debug:LogError (object)
UnityEditor.EditorAssemblies:ProcessInitializeOnLoadAttributes (System.Type[])

System.NullReferenceException: Object reference not set to an instance of an object
  at Vuforia.EditorClasses.ExtensionTypeProvider.GetVuforiaPackageAbsPath () [0x0004a] in <67f168408fbf4fce9c04342c093e9fe7>:0 
  at Vuforia.EditorClasses.ExtensionTypeProvider.IsPackageManager () [0x00000] in <67f168408fbf4fce9c04342c093e9fe7>:0 
  at Vuforia.EditorClasses.ExtensionTypeProvider.ResolvePluginType () [0x00009] in <67f168408fbf4fce9c04342c093e9fe7>:0 
  at Vuforia.EditorClasses.ExtensionTypeProvider.GetPluginType () [0x0000c] in <67f168408fbf4fce9c04342c093e9fe7>:0 
  at Vuforia.EditorClasses.VuforiaUtilities.IsVuforiaEnabledInPlayerSettings () [0x00000] in <67f168408fbf4fce9c04342c093e9fe7>:0 
  at Vuforia.EditorClasses.InitializeOnLoadVuforiaTaskRunner..cctor () [0x00015] in <67f168408fbf4fce9c04342c093e9fe7>:0 
UnityEngine.StackTraceUtility:ExtractStackTrace ()
UnityEngine.DebugLogHandler:LogFormat (UnityEngine.LogType,UnityEngine.Object,string,object[])
UnityEngine.Logger:Log (UnityEngine.LogType,object)
UnityEngine.Debug:LogError (object)
UnityEditor.EditorAssemblies:ProcessInitializeOnLoadAttributes (System.Type[])

Mono: successfully reloaded assembly
- Completed reload, in  0.822 seconds
Platform modules already initialized, skipping
Switching build target platform(19) subTarget(0) extendedPlatform(0) -> platform(13) subTarget(524288) extendedPlatform(0)
Refreshing native plugins compatible for Editor in 0.50 ms, found 5 plugins.
Preloading 2 native plugins for Editor in 0.05 ms.
Unloading 1429 Unused Serialized files (Serialized files now loaded: 0)
System memory in use before: 72.2 MB.
System memory in use after: 72.0 MB.

Unloading 44 unused Assets to reduce memory usage. Loaded Objects now: 2203.
Total: 1.799300 ms (FindLiveObjects: 0.148700 ms CreateObjectMapping: 0.036200 ms MarkObjects: 1.388300 ms  DeleteObjects: 0.225100 ms)

AssetImportParameters requested are different than current active one (requested -> active):
  custom:graphics/normal-map-encoding: 01000000000000000000000000000000 -> 02000000000000000000000000000000
========================================================================
Received Import Request.
  Time since last request: 108.876738 seconds.
  path: Assets/DataFiles/Scripts/Rotate.cs
  artifactKey: Guid(35fefe4cf86bb194b8903e503036c1a5) Importer(815301076,1909f56bfc062723c751e8b465ee728b)
Start importing Assets/DataFiles/Scripts/Rotate.cs using Guid(35fefe4cf86bb194b8903e503036c1a5) Importer(815301076,1909f56bfc062723c751e8b465ee728b)  -> (artifact id: 'ffe965357ee4480a5f5fe98d1a123b0c') in 0.003596 seconds
  Import took 0.005648 seconds .

========================================================================
Received Prepare
Refreshing native plugins compatible for Editor in 5.94 ms, found 5 plugins.
Preloading 2 native plugins for Editor in 0.04 ms.
Unloading 42 Unused Serialized files (Serialized files now loaded: 0)
System memory in use before: 45.0 MB.
System memory in use after: 44.7 MB.

Unloading 42 unused Assets to reduce memory usage. Loaded Objects now: 2203.
Total: 1.819900 ms (FindLiveObjects: 0.147900 ms CreateObjectMapping: 0.037000 ms MarkObjects: 1.394600 ms  DeleteObjects: 0.239800 ms)

AssetImportWorkerClient::OnTransportError - code=2 error=End of file
